zlib-dev-1.2.11.1.jtkv6.3-60.x86_64 1590107792 117235 c47f506a251945323d3c902d3fdcfa65 installed
libtool-lib-2.4.6-28.x86_64 0 55264 a0f6c5b7a284ca8856784393372fb464 installed
tar-license-1.32-31.x86_64 0 35147 8c77c8a50384be061fee70219cedd10f installed
wrapt-1.11.2-49.x86_64 1602134173 0 1769e5fb5eeb39dd30ebf1063f5de8bb installed
autoconf-bin-2.69-24.x86_64 1592455842 131672 d75b56e5a3576f1cee4a3fc526b5dd83 installed
libcap-license-2.27-36.x86_64 0 22295 b06067cdab961870877c75d6c9a476bb installed
vala-man-0.50.1-44.x86_64 1601314852 12563 f9191bed60e856734ad813a6bc9697a0 installed
elfutils-bin-0.181-72.x86_64 1601401479 2553375 4f71b4f3cb850785848ac35e442ad922 installed
file-license-5.39-53.x86_64 1592441142 3081 313688b0eaef18fc36d13d183dc7d41f installed
typed_ast-license-1.4.1-32.x86_64 1600969610 15191 3969b5d0f84061447ac822819b24496c installed
unzip-unzip6.0-28.x86_64 1589911889 0 4da7d03b9b5166474a20e92b36cb0457 installed
clrtrust-license-0.1.3-24.x86_64 1586195913 18670 784f9f74d4ad8acdb812e22eb1ab0330 installed
systemd-autostart-246.4-282.x86_64 1599241446 0 ea2f8554d4b51525f3d1195753d7aa9e installed
automake-1.16.2-25.x86_64 1585086521 0 d16a9a376aaae8bc5239adfc916bd18a installed
zstd-license-1.4.5-60.x86_64 1590527558 19621 45c9dada834594433b2e89e22f95bb93 installed
six-1.15.0-66.x86_64 1600968132 0 8af0976e1922d1825b3d88d9c1047965 installed
attr-lib-2.4.48-40.x86_64 0 22568 d999e29173aee7ef33aa8220ec5b21bb installed
unzip-license-unzip6.0-28.x86_64 1589911889 3606 0e9e169a002b543737190130bc1510fd installed
py-license-1.9.0-74.x86_64 1600965766 1061 167e27904d8d0ef840cb406872267ccb installed
coreutils-bin-8.32-53.x86_64 1583792451 1294360 68cb88658c5264adcdf04dd908199a65 installed
plzip-license-1.8-3.x86_64 0 18025 3f3ce80e49d49be215321db3cfc2a649 installed
pixman-license-0.38.4-37.x86_64 1589931736 2087 e49fa374bcf1154e0228b91000617218 installed
gettext-dev-0.21-34.x86_64 1596476283 915317 f1fdadf4b918f4f728d30be75a5ff593 installed
patch-license-2.7.6-42.x86_64 0 35147 84f86d0bf9510854ab4873e3df2c219a installed
pcre-dev-8.44-57.x86_64 1595353634 624621 bc575ab723aad930b21fd4d49abad00e installed
shadow-bin-4.6-61.x86_64 0 1632488 498b7ff670b69aa8582e45725dad2872 installed
make-license-4.3-40.x86_64 1579894343 35147 851e5ffa2cea041104448b5be78c0b3f installed
packaging-20.4-43.x86_64 1600965338 0 57094d40a6ad4a33c8a529b88757de43 installed
clrtrust-libexec-0.1.3-24.x86_64 1586195913 14384 6a825495c62deabea318a9bf525f5515 installed
grep-license-3.5-41.x86_64 1601313224 35149 1597a4ff105f02c5d534f830eaaa45a2 installed
polkit-0.118-22.x86_64 1601936606 156600 90d444c5bd67675b484260731012fc01 installed
openssl-lib-1.1.1h-94.x86_64 1600793444 3361408 273fad2691be38204f9b978eef6b37ef installed
diffutils-license-3.7-26.x86_64 0 35147 8e7a3fb361b74dd24cc4434e46175f8c installed
mccabe-license-0.6.1-53.x86_64 1600964268 1221 7d533ddf9513d036b590b48f7c357d0e installed
p11-kit-libexec-0.23.15-55.x86_64 0 63009 9d52b2057ab9c56f6bbc1d675b0020fd installed
clr-python-timestamp-license-17-36.x86_64 1585184119 10175 8d59ff392a4974f6b6059ecb1e08a01f installed
libwebp-license-1.1.0-30.x86_64 1578415544 1496 9fc3f2ac5670ff4778596f548a7dc9c1 installed
setuptools-bin-50.3.0-184.x86_64 1600968058 1968 d363c22395869ff9eaf238866c83cdf6 installed
autoconf-license-2.69-24.x86_64 1592455842 53134 748a0320d12748e22cd25afc3fb5dcdf installed
libpwquality-license-1.4.4-37.x86_64 1602720079 20019 24c13076d207024144381514d8229b30 installed
usrbinpython-3-12.x86_64 0 0 f0be95a21f682c36fbd8f857220f67f1 installed
tar-bin-1.32-31.x86_64 0 1759688 eac943aebbd61740eca0847e432bb2b0 installed
libpciaccess-license-0.16-22.x86_64 0 4845 14124a21e094774ad967bc3beb501e60 installed
curl-lib-7.71.1-105.x86_64 1595868388 428344 b6285767957da2703d8b41f3e463bc4d installed
xz-locales-5.2.5-56.x86_64 1591736975 298357 716f342fe23c303b52b886a2cf3338d4 installed
libidn2-license-2.3.0-8.x86_64 1586199257 36080 d9da69296e5a74d3553afb7c224fafa4 installed
python3-3.8.6-218.x86_64 1600968894 0 98e7c130d4a1ed8e59eedb597e95ecd2 installed
wget-locales-1.20.3-41.x86_64 0 2371924 86645878f5eb5cd155b52f37940ffe90 installed
libffi-dev-3.2.1-34.x86_64 1580246697 40987 b0c966083845fa90f8a56c5d123209e2 installed
wget-bin-1.20.3-41.x86_64 0 540328 7fd39d0eba7789d022ec6eea70b4d767 installed
unzip-man-unzip6.0-28.x86_64 1589911889 96674 0722b3fe640b85d03f474a5821ae8fb1 installed
libcap-ng-lib-0.7.10-31.x86_64 0 22568 960d523168d91a44db7de669c94eec06 installed
git-2.28.0-167.x86_64 1595874223 0 51e15303a24e843c882a9f9232a113f9 installed
systemd-license-246.4-282.x86_64 1599241446 46079 e1f96437db7683e612d5e16d93f012b4 installed
libXvMC-license-1.0.11-18.x86_64 0 1092 f885cdc31f0d69ff2fa8c47338303609 installed
coreutils-8.32-53.x86_64 1583792451 0 453eec19f9b26cdfb2f1b9e455ffd586 installed
setuptools-license-50.3.0-184.x86_64 1600968058 1078 649c507c101810cabb286bbcb34f7f67 installed
lazy-object-proxy-license-1.5.1-45.x86_64 1600963968 1329 1fb745453ca939ce1b4d315b9356c3fa installed
tar-1.32-31.x86_64 0 0 c277463f9c0f51764d0aa56500b15629 installed
rpm-man-4.14.2.1-137.x86_64 1600967805 260278 5511a3198327a20d2f1e9ee9ef25bf0c installed
icu4c-lib-67.1-24.x86_64 1598915657 34400376 ed2335f4fc182e8691d73247f26a4e0e installed
bzip2-1.0.8-56.x86_64 1576795477 0 8f21ab6062f90ad3fd70439d801aa3df installed
plzip-man-1.8-3.x86_64 0 4396 b925b19aee19d8a456bbbcb66d13f657 installed
source-highlight-3.1.9-38.x86_64 1592607617 0 15d57f5e5cf7549f7afa006887694ba3 installed
perl-man-5.30.3-77.x86_64 1591378455 11268992 69ba3f3c8dc04494d6cdb5d0eba3587b installed
graphite-license-1.3.13-7.x86_64 0 37789 4e1e372df0a4faee575ddd4bf4bb71c5 installed
m4-1.4.18-104.x86_64 1601605758 0 a3e3f88da8db03b3af4e73980a4a1eee installed
pcre2-license-10.35-26.x86_64 1595289872 4783 d05924055b38cfbc4e4fe63462469830 installed
gnutls-license-3.6.15-67.x86_64 1599243704 111820 a67bbcaf1912053f26ed262b0c8a9ffd installed
diffutils-3.7-26.x86_64 0 0 ed3ed88f5aea1969e783dae2a3804270 installed
nghttp2-license-1.41.0-55.x86_64 1594756481 3635 6413c2f1f4a47d651fdc39a33b99133d installed
glib-locales-2.64.6-120.x86_64 1601656457 8694932 1f09451ec8fa304d7934f27e6feb49be installed
libcap-2.27-36.x86_64 0 0 7fe4de63039b838646540ed5c3edbaec installed
mpc-license-1.2.0-28.x86_64 1597768679 7651 d7065f8bfd7620cbbef42adafe0b27bc installed
libgudev-dev-234-17.x86_64 1600983930 22240 fbff79d14c30ca0ef6d5ef704bde9aa2 installed
m4-man-1.4.18-104.x86_64 1601605758 3854 e2cbe41468b8de0a07fc3e18b4c96aa0 installed
fontconfig-license-2.13.1-43.x86_64 1600368935 1313 6b680b667f16415eff69fd74473c43a6 installed
libc6-2.31-342.x86_64 1602692121 16301243 3148541fa04bad1b7d10d8930f8673e4 installed
lmdb-license-0.9.24-17.x86_64 0 2929 2498686a98b78c9eb68287ba32ada0ff installed
filelock-3.0.12-14.x86_64 1602133486 0 1747257a09061d0d8f28374fc1b1257c installed
binutils-lib-2.35.1-388.x86_64 1602169709 2898840 a5228d699c7951406b66aa638defb3f5 installed
libtool-info-2.4.6-28.x86_64 0 368214 c4d680122d75fc03507fe00401a76030 installed
contextlib2-0.5.5-58.x86_64 1600962146 0 c744a76a3cce085d93eac43c2f141b3a installed
glibc-dev-2.31-342.x86_64 1602692121 2494707 c1426c032a6d021f4dfb800e9c614a70 installed
libgpg-error-data-1.39-50.x86_64 1598571471 38586 007226a63f12b10f3e4013b60cc68f2c installed
colorama-0.4.3-65.x86_64 1600962057 0 e8df7437691f4404372ca08fc3b01c7c installed
perl-Test-Simple-perl-1.302182-90.x86_64 1602018744 595976 5eef732d9107c814ba3cfb5665098a43 installed
libarchive-license-3.4.3-59.x86_64 1590530480 3116 fc71a8b5aef69833cc0b48b9267c60ab installed
cairo-license-1.16.0-70.x86_64 1600981675 107515 3ec1120cc045243a8fafb1d5eeef9ffd installed
binutils-locales-2.35.1-388.x86_64 1602169709 13723843 906ae3063cc857da6d5b4dd0d51f1320 installed
kmod-data-27-43.x86_64 1583369874 3235 8553c92f5d956c0e65b33a3baee48768 installed
systemd-246.4-282.x86_64 1599241446 7839865 e749615b29bfb04f5caaa7d582ff9028 installed
readline-lib-8.0-57.x86_64 1602023013 344192 493e41c42cc093c4b5f80133627139d6 installed
gzip-info-1.10-29.x86_64 0 46737 8d01e38f3b516567871c96fa68c3963d installed
appdirs-1.4.4-50.x86_64 1600961073 0 1e7a50f9931afb1627b07f3db26e7333 installed
glibc-utils-2.31-342.x86_64 1602692121 558675 3b02de559fff1c7dcd440a04e1310e7b installed
glib-data-2.64.6-120.x86_64 1601656457 350810 1bdac31f8cd5cda40948c701306a4efc installed
pylint-2.5.3-84.x86_64 1600966130 0 a7da6755a6a4d6bf69857e23d7680372 installed
ccache-man-3.7.12-46.x86_64 1601565519 64839 8aea781407ee5a2f7f8b6d8a0ef37fb9 installed
gettext-man-0.21-34.x86_64 1596476283 74015 ae373b024036eb124cf50ff3d8c30460 installed
Z3-license-4.8.9-23.x86_64 1599854315 1096 ec3cd34a88f78be85c0e77bb8e7dda19 installed
toml-python3-0.10.1-11.x86_64 1600969290 94423 820a63308e0dd2a715604aa461dc60d3 installed
mesa-lib-20.1+3492.400c2ff226-251.x86_64 1595972218 211601712 3e321d8eef70464b8e4782194752a422 installed
libmbim-license-1.24.4-16.x86_64 1601567084 44622 d99003d0a143e52f997e32b28e377ed0 installed
findutils-man-4.7.0-25.x86_64 0 82377 090b42c8a028a8a966e31a45943db6d7 installed
vala-bin-0.50.1-44.x86_64 1601314852 364117 336ec29a52b6ff586c46eb50abf37366 installed
filelock-python3-3.0.12-14.x86_64 1602133486 27879 58b10e4fd60c910593e3ad85fd793904 installed
expat-license-2.2.9-42.x86_64 0 1144 19c7177c3fa78b3ac5684e2399d1c482 installed
libmbim-dev-1.24.4-16.x86_64 1601567084 393674 2288143ab1b4ba7d347aac4e062735e9 installed
vala-data-0.50.1-44.x86_64 1601314852 8159302 846242d2afd4b8c39833aeea143acda8 installed
diffutils-locales-3.7-26.x86_64 0 1006399 93bc02aaf02406808d84bd98b5529830 installed
docbook-xml-4.5-25.x86_64 1584628061 50551963 700844fadca7fdc2e5bbf169f531b743 installed
packaging-python3-20.4-43.x86_64 1600965338 181781 f2e5c19ce5343a89680ce32817c6fc39 installed
cryptsetup-license-2.0.6-56.x86_64 1575585409 52909 26d8cd5c6d37f0bc988694ab9ff48840 installed
libffi-lib32-3.2.1-34.x86_64 1580246697 30068 2cb0bceadc04403632707185262500e8 installed
pluggy-python3-0.13.1-63.x86_64 1602133715 92471 ca263e7b6069f7d69012f007834a6b5f installed
cpio-locales-2.13-31.x86_64 1589809691 786696 c7f0713a4b028abadb19650fb0dca731 installed
libtasn1-lib32-4.13-35.x86_64 1586199269 79304 d95ec5652d7a4ca4e4d97d334d65dfb1 installed
libgudev-lib-234-17.x86_64 1600983930 51344 9db193cce0dd104ae1e1735a52b41a18 installed
coreutils-info-8.32-53.x86_64 1583792451 955103 1a332860f5ce5e3440e2d36560e16824 installed
zlib-lib32-1.2.11.1.jtkv6.3-60.x86_64 1590107792 153316 ae5befa5d6dfd8d8cf33729703d4f38c installed
libqmi-lib-1.26.6-21.x86_64 1602171291 2685072 e57495b13675ecce3f4ecacd52ef1349 installed
gcc-dev32-10.2.0-992.x86_64 1602694808 32592567 4d48cfa31b6aa913d4186c123f463be3 installed
gtk-doc-data-1.32-40.x86_64 1588205521 532665 e249d36b797dfbc8b2a045f7eeb21b74 installed
bzip2-lib-1.0.8-56.x86_64 1576795477 247792 333e6dccf3883d82084e9818f1ae6c00 installed
libgudev-lib32-234-17.x86_64 1600983930 50640 a9d736e91b189ce13b74564a335bd15f installed
appdirs-python3-1.4.4-50.x86_64 1600961073 56504 64f9a47a7a0dd6f2d6a33ebf573c5015 installed
elfutils-lib-0.181-72.x86_64 1601401479 712272 4c72354e9c082e7f92fdc678dc9a8999 installed
pylint-python3-2.5.3-84.x86_64 1600966130 1977273 1b6c2df542913304e0a967ff2828064c installed
libunistring-lib-0.9.10-19.x86_64 1586213471 1583184 f641a495d08a74fe7e113123f2e759c0 installed
importlib_metadata-python3-2.0.0-32.x86_64 1600963481 141808 599d9ea899af6f2c8537848f60cd8a52 installed
libffi-lib-3.2.1-34.x86_64 1580246697 43040 510051cf59a13c5faa1c34408cbbeff1 installed
typed_ast-python3-1.4.1-32.x86_64 1600969610 1800030 64ce689ebc7a44314a7b0b46a3a2bb81 installed
libxml2-lib-2.9.10-82.x86_64 1600964447 1803408 7e3d1802b838cc982071d906930391b2 installed
systemd-config-246.4-282.x86_64 1599241446 50958 f533466d5615dbb813a8a07fe017b029 installed
db-5.3.28-17.x86_64 0 1239408 de9e5c8ca25cac793cc5abc3abf7794b installed
polkit-services-0.118-22.x86_64 1601936606 172 101b053d25636da8ed882259be433644 installed
lz4-lib-1.9.2-29.x86_64 0 92112 b55c4200fc810640875d438e49dd30b0 installed
pcre-extras-8.44-57.x86_64 1595353634 2166944 dbed1cddbfa6234dbf7fe5c9b3f007d9 installed
pcre-lib-8.44-57.x86_64 1595353634 1101840 ede27e90b14ac9bc741802b371f3fe34 installed
gtk-doc-license-1.32-40.x86_64 1588205521 36106 6eb533c3910ca4114ea3a82538f224d2 installed
sqlite-autoconf-lib-3.33.0-91.x86_64 1597619773 1708040 c8a965daae8a6f4a27accfb8f1c4b0cf installed
contextlib2-python3-0.5.5-58.x86_64 1600962146 31218 b007ff196cd2257cb5e09ff9d3c995c0 installed
gawk-lib-5.1.0-56.x86_64 1586906216 200832 3050c51c4b3ac2a209a7a2c571004842 installed
Pygments-license-2.7.1-62.x86_64 1600966073 1331 d9ad569613531b6333f182a76bd449e1 installed
perl-Math-BigInt-GMP-1.6007-23.x86_64 1591219994 0 8fa69ee7d504d4a799839d1f7bd786ba installed
colorama-python-0.4.3-65.x86_64 1600962057 0 062ed3b037a3e8b45c84a0da518ed5e0 installed
perl-bin-5.30.3-77.x86_64 1591378455 416725 46fe7d3c25be5d532b9cc9c228e1a78f installed
pip-bin-20.2.3-100.x86_64 1600965574 2831 f192e1949738887107a247d67183b01f installed
kmod-lib-27-43.x86_64 1583369874 80144 61b88909fc906e3a057cc25694f85020 installed
pyflakes-python-2.2.0-69.x86_64 1600966037 0 43764c65793aa91c4c0841f955d8e803 installed
cpio-bin-2.13-31.x86_64 1589809691 186048 e6577c110a35b9b7af9422c8c39bec5f installed
tcl-bin-8.6.10-50.x86_64 1575404439 14464 c184a34f9c71bfa5d935c410e052d266 installed
diffutils-bin-3.7-26.x86_64 0 394400 9e09544eedb99fbc298ab63033065c26 installed
virtualenv-bin-20.0.34-115.x86_64 1602526199 979 9e54c958d68865172097015c38f940ac installed
hostname-bin-3.23-19.x86_64 0 26808 6ddf8e854ec1aeba2a586ffeb49bc0cc installed
tox-python-3.20.1-111.x86_64 1602526035 0 f5c6dd8dfc36af9feaea96503be9c15f installed
libgcrypt-lib-1.8.6-39.x86_64 1594061323 1041264 d3ce4a05c88baa41e1ec3b9f9bad87b5 installed
isort-python-5.6.4-81.x86_64 1602699619 0 02d9879e90c92817498fcccdac63e68d installed
m4-bin-1.4.18-104.x86_64 1601605758 166320 a15db26c6b0dc460a04f15aafb54546a installed
libgudev-234-17.x86_64 1600983930 8380 23a96cc6f17b9220a7847cd76f97d1b8 installed
python3-lib-3.8.6-218.x86_64 1600968894 7204784 06a8b468e21f37c76cf3afba5bfa7e2f installed
packaging-python-20.4-43.x86_64 1600965338 0 e101e6d2ff60c125215a23a0fcdace82 installed
filelock-python-3.0.12-14.x86_64 1602133486 0 ac82eafd6296e700e0a8eb0d7d1ea19f installed
bash-bin-5.0-52.x86_64 1596837863 1068792 95fa3142302aa3658d3aba47ed3dbe57 installed
perl-XML-Parser-perl-2.46-40.x86_64 1591214219 438780 e406f7ad625d62f3c027a6844e3ba1fc installed
automake-data-1.16.2-25.x86_64 1585086521 986043 62dc16d5be1595b4714265217df6d8e2 installed
p11-kit-license-0.23.15-55.x86_64 0 1447 a2c604cf57d4ddaf661e98d1c09a2d97 installed
libtool-bin-2.4.6-28.x86_64 0 497114 c12b8233a5b23cf7027bfa75a597facc installed
xz-license-5.2.5-56.x86_64 1591736975 82544 145ca5a946ca96a0b7c2089597bdf4e3 installed
git-data-2.28.0-167.x86_64 1595874223 165646 791b00dd2949035af9749be177b4241f installed
rpm-license-4.14.2.1-137.x86_64 1600967805 44170 1c6caae7a170239ea6720743bf4f538b installed
libtool-2.4.6-28.x86_64 0 0 0565a2f8cb2884e2c0b9f41a58bf03a8 installed
libtool-license-2.4.6-28.x86_64 0 44622 6d6c7c0126dba148e605ffa7aae9e52a installed
bzip2-bin-1.0.8-56.x86_64 1576795477 62965 b3d3516ceb7816f32262e18926c9fac7 installed
git-license-2.28.0-167.x86_64 1595874223 71082 a01ab1a43db51b9f0418d7f8b3fa0c02 installed
clr-avx-tools-8-10.x86_64 1592851553 0 6e0431617e6cebd7ad491865f9688035 installed
gawk-data-5.1.0-56.x86_64 1586906216 1965 81a523111210546238bd6480a2045cfc installed
grep-bin-3.5-41.x86_64 1601313224 264664 b2751c7253a0d82d9f350920846b1372 installed
file-data-5.39-53.x86_64 1592441142 6652192 ca8267a2cc2277397e13626ff55fadcd installed
unzip-bin-unzip6.0-28.x86_64 1589911889 296297 e45eea10f7ef2fc2de8ff8547dde1749 installed
coreutils-license-8.32-53.x86_64 1583792451 35149 d6270f0203945ddea8b466d25555753d installed
zstd-bin-1.4.5-60.x86_64 1590527558 246347 dc55925aa9003a9af38a3f459e86ef7d installed
bzip2-license-1.0.8-56.x86_64 1576795477 1896 7e943047a01d09e03cddc50bd11ef7a0 installed
automake-info-1.16.2-25.x86_64 1585086521 714713 edd423391b43fa0553ae4c080555a122 installed
tar-libexec-1.32-31.x86_64 0 858952 f1f59c856c0edf2eeb24dc27baab39f2 installed
autoconf-man-2.69-24.x86_64 1592455842 22846 ecd66fab8057f1f2518967f62633cb97 installed
zip-license-3.0-24.x86_64 0 3412 66fd2e1a3b2be70fcb3942450228881d installed
attr-license-2.4.48-40.x86_64 0 45075 eec8467a65bb1c012fdf71ff22808b46 installed
wget-license-1.20.3-41.x86_64 0 35151 7cdead54d28f51ac32b96231508b2155 installed
patch-bin-2.7.6-42.x86_64 0 215464 8567dfe3dd92b410cdf6688f498ec214 installed
shadow-license-4.6-61.x86_64 0 4993 8b8ee975353151bc76aa0739901dce66 installed
acl-lib-2.2.53-35.x86_64 0 26584 b79b0d12f91921b649f09d8947f7b217 installed
sed-license-4.8-29.x86_64 1579114583 35151 4849ef44a294e398b64678cbb57ecd05 installed
rpm-lib-4.14.2.1-137.x86_64 1600967805 954808 d2c500878acd0363b2dd1ae9c2d7859b installed
pkg-config-license-0.29.2-22.x86_64 1600984777 43384 81408e09c098a10faeaf536e0e0a0406 installed
gettext-bin-0.21-34.x86_64 1596476283 1213903 d196a2573fa0ca75eac03ebc3dcdbe47 installed
perl-license-5.30.3-77.x86_64 1591378455 35154 891b60017c1b0ac6a19d0c8ea0a4ee0c installed
nghttp2-data-1.41.0-55.x86_64 1594756481 8987 d14e9d58d706039d07d57f1f8429b535 installed
p11-kit-services-0.23.15-55.x86_64 0 434 c729ba1f26a1a459a07ec28fc11dc890 installed
sed-bin-4.8-29.x86_64 1579114583 137696 de6d46807b929193f5d1b7184351e863 installed
ncurses-data-6.1_20191012-59.x86_64 1586198816 553763 ed78f48331fd9badc9823463751eb45a installed
LVM2-license-2.02.186-92.x86_64 1600964276 46350 fa870e7cefc204ea0a913aa91f22fce6 installed
m4-license-1.4.18-104.x86_64 1601605758 35526 bbe32242319380ab2b7fa86b0638c08a installed
clrtrust-bin-0.1.3-24.x86_64 1586195913 27706 cb05702fdb38c4064091d5260c5a0e9a installed
gzip-license-1.10-29.x86_64 0 35147 27040896b9162f9ba065caaff8009e72 installed
ca-certs-2.4-40.x86_64 1575487715 233011 3539840a7fd76da18f6bd1cbe15e618b installed
glib-license-2.64.6-120.x86_64 1601656457 26530 4f13c1ebb83c344096caa4b7aa36476c installed
openssl-1.1.1h-94.x86_64 1600793444 715253 922fe27036855d08a6ad6538c493eef0 installed
filesystem-3.0.14-204.x86_64 1588108885 10764 97bc9739e053963f60b43f826b9f0b64 installed
p11-kit-0.23.15-55.x86_64 0 0 389b921437d1fa41b2088640c26587b4 installed
dbus-license-1.12.20-76.x86_64 1594251703 30502 392ea69af414589f770fec40c4986655 installed
p11-kit-lib-0.23.15-55.x86_64 0 2521408 880ccff87a6189dd6512fa6b1a01d4d8 installed
cpio-license-2.13-31.x86_64 1589809691 35068 1ef1591898d58c4b61c07505f7c6d441 installed
systemd-lib-246.4-282.x86_64 1599241446 6234928 41e8fa83676860ef25566e06468e7082 installed
clr-avx-tools-license-8-10.x86_64 1592851553 10175 6ce52837c1ad0f3f2b891630859988ad installed
cryptsetup-lib-2.0.6-56.x86_64 1575585409 801904 ab160805a437f27fa0594cdb5eab56b2 installed
automake-license-1.16.2-25.x86_64 1585086521 53136 82c61fc5bc956a256f177856b5407a59 installed
setuptools-python3-50.3.0-184.x86_64 1600968058 3891345 ff0aedc90dfed68c15700e507268a13e installed
autoconf-data-2.69-24.x86_64 1592455842 1654587 e904d410398c80babaa51c27f03baf8d installed
usrbinpython-bin-3-12.x86_64 0 14448 acfbce4e5db0c629a6f4ac01e7fb3c64 installed
Linux-PAM-data-1.3.1-54.x86_64 1575399513 6248 fcbe9c5580ee4faa14ed64269ed8150d installed
rpm-python3-4.14.2.1-137.x86_64 1600967805 209820 c7bcf83e10b21ea12e6c18e9c38238db installed
zlib-license-1.2.11.1.jtkv6.3-60.x86_64 1590107792 1359 00328f1ae062eb531cbd5537bbd87b67 installed
dbus-libexec-1.12.20-76.x86_64 1594251703 63760 c7b65713bef0a35934616bd6dde7d352 installed
xz-man-5.2.5-56.x86_64 1591736975 165956 d7a85cdfc40fe36a2841dc6da5c97da4 installed
git-libexec-2.28.0-167.x86_64 1595874223 20399611 daf65844cd62744e2ac880ecec426e86 installed
which-man-2.21-15.x86_64 0 3610 1bf360ecf54154105ca6eaa114207185 installed
rpm-python-4.14.2.1-137.x86_64 1600967805 0 63a2fc78a55fa945d6718d7913a2c469 installed
wget-man-1.20.3-41.x86_64 0 112095 e089ef509d8cb970b702fbbb54bc97f0 installed
clr-python-timestamp-17-36.x86_64 1585184119 0 f3df79391c2402650d5c01a0a10067a0 installed
wget-info-1.20.3-41.x86_64 0 232553 073ca5e9ab3a73f7ee0de7dc8e97683b installed
rpm-bin-4.14.2.1-137.x86_64 1600967805 158227 3c74832ea9e21aec371d607ab572f5a5 installed
util-linux-data-2.36-155.x86_64 1600969944 2443 888afde6ae0a2a0f9f3cbcd019d9a5e4 installed
wget-1.20.3-41.x86_64 0 0 fcb3b4098574b341ed73efe01c6e93f2 installed
tar-man-1.32-31.x86_64 0 47513 fc1e7ccf00cf98521a9b48d73c3c11d2 installed
clr-rpm-config-221-221.x86_64 1590107227 164150 4c4faac8ed52803f44440e8378ad0969 installed
tar-info-1.32-31.x86_64 0 656927 55a374280b32172f40eb8f486ac45def installed
curl-bin-7.71.1-105.x86_64 1595868388 234598 66d36ab925beb11a827da5584decd9a6 installed
systemd-data-246.4-282.x86_64 1599241446 312034 63b4a481e3df4ee9725ea4d9571aacc3 installed
sed-4.8-29.x86_64 1579114583 0 efe1839a244004a8310ed3bdcbf21d4e installed
shadow-locales-4.6-61.x86_64 0 1562981 eec07021563fcf83c5b269774b130cc2 installed
patch-2.7.6-42.x86_64 0 0 9aa4b1587e222149f96c0735f0d954cf installed
sed-man-4.8-29.x86_64 1579114583 10295 80762fcafe89d04aad0807b260ffb991 installed
automake-dev-1.16.2-25.x86_64 1585086521 66308 bbf6de8f246740d1c0b641ee62ca9e68 installed
sed-info-4.8-29.x86_64 1579114583 202775 62ab03fa2d259bbf51e1fb4ff0a6febe installed
gzip-1.10-29.x86_64 0 0 f1f779bb583544f0e401da32ed08303e installed
rpm-locales-4.14.2.1-137.x86_64 1600967805 1518175 b759cf859c7cc6aace5502d62fb12fd3 installed
elfutils-0.181-72.x86_64 1601401479 0 586bdd375cd0cd0072cd37162fef019c installed
libtool-dev-2.4.6-28.x86_64 0 381968 2f2f33da99402a0b0f1bc86118d7fdae installed
plzip-info-1.8-3.x86_64 0 30950 3a7186f4143a20c644470c30a3fec4ae installed
pigz-man-2.4-38.x86_64 0 6310 48bb3223c77fd6efa3a323f160fdcbfb installed
make-4.3-40.x86_64 1579894343 0 db0bbfd50f2ac2fbb25766baa3165a2d installed
plzip-1.8-3.x86_64 0 0 a527de27648622d29db8cabdb53d669a installed
pcre-license-8.44-57.x86_64 1595353634 4509 6c65ae95e29acc50734a1f7ef18d4a5f installed
nspr-license-4.29-31.x86_64 1600362084 16726 b2906fde6500ef8d6724480877c886ec installed
cpio-2.13-31.x86_64 1589809691 0 d37d6f870ac6991edb7c8b1b11e5a758 installed
netbase-license-5.6-19.x86_64 0 535 22ffafb81d217e599122fdbd1892d2d3 installed
file-5.39-53.x86_64 1592441142 0 0aadb98c889542174a4eb191f2ed6f7f installed
mpfr-license-4.1.0-31.x86_64 1597767452 42801 e3c631958b3059937c471b62af6aebb8 installed
gawk-5.1.0-56.x86_64 1586906216 0 3663e1f18e4856e8f5b80c5ad922648f installed
make-man-4.3-40.x86_64 1579894343 11033 5719a5d4e89d06134fa1918cd3c27cf1 installed
make-info-4.3-40.x86_64 1579894343 620091 498016dd4b1d2d5a4252c877f84604b2 installed
nss-altfiles-2.23.0-24.x86_64 0 0 c1fcedd4e4c512b2932dd63dec4e6b50 installed
m4-info-1.4.18-104.x86_64 1601605758 358591 fbc3f543834a31dc402f1500f817450b installed
linux-libc-headers-5.4-20.x86_64 1581462069 5062804 6ddb57bcfd09d8bdf819d98d61b68bf0 installed
lz4-license-1.9.2-29.x86_64 0 21020 a5ac82fe2553e097e0c84b304646c19f installed
libgcc1-10.2.0-992.x86_64 1602694808 104584 d9c2f8daeb54bcde8b3dfcf83c507cd0 installed
libxml2-license-2.9.10-82.x86_64 1600964447 1289 8638d0a3563e09f62d4926b556164ec6 installed
binutils-license-2.35.1-388.x86_64 1602169709 140633 9edd777c6608e20dfd88f024c8769848 installed
libtool-man-2.4.6-28.x86_64 0 6150 ffcf909605398c868e15caf9536d44cf installed
binutils-bin-2.35.1-388.x86_64 1602169709 6250744 2a92aa127b923ab43d312ca9bf30b796 installed
libtasn1-license-4.13-35.x86_64 1586199269 61677 ef452354de88bb987933bb2d4ed2dd77 installed
gcc-libs-math-10.2.0-992.x86_64 1602694808 21807264 4ab547785ce84c157fed55628b0c9a8a installed
libgpg-error-license-1.39-50.x86_64 1598571471 44529 8cee124196a36f3ececf60ffec2b4f17 installed
readline-license-8.0-57.x86_64 1602023013 35147 4c9291b76f2ddb6ee0f4ae38a8ea0d49 installed
libgcrypt-license-1.8.6-39.x86_64 1594061323 55348 64769883a041b11957075e49a597089d installed
perl-Test-Simple-license-1.302182-90.x86_64 1602018744 18346 15dd3fa212a2e7a19ce4739eb519311e installed
libcap-man-2.27-36.x86_64 0 6933 c85dc707c97c9323b63010402215fdbd installed
perl-Test-Simple-1.302182-90.x86_64 1602018744 0 b59952faaff70f60539f140cb981a0e0 installed
libaio-license-0.3.112-20.x86_64 1585325998 26532 3dc1188ff25638e3d6ddd86ef5344546 installed
binutils-man-2.35.1-388.x86_64 1602169709 584258 3099b9a029aad541e42f47ca738e08cf installed
kmod-license-27-43.x86_64 1583369874 44419 4def5fed21d276f447be47fcfce63c32 installed
binutils-info-2.35.1-388.x86_64 1602169709 2643568 cca4513e7b379ec53919366ca3908b2a installed
json-c-license-0.13.1-15.x86_64 1594781493 2205 86ef40e976b164edf6918103fc0611a4 installed
gcc-10.2.0-992.x86_64 1602694808 291945483 c81687cfbbb258ebac1d053d5d316184 installed
gzip-man-1.10-29.x86_64 0 27034 930987c2f5a714e0e7c947d7941471d0 installed
libc6-dev-2.31-342.x86_64 1602692121 0 d6f932b32640ba0615958268999116ac installed
grep-man-3.5-41.x86_64 1601313224 34035 ad9390a022a80f1552f68d29ead95590 installed
grep-info-3.5-41.x86_64 1601313224 126913 338304036e271f89e2dd0221527653d5 installed
ccache-license-3.7.12-46.x86_64 1601565519 24817 67c9b434d0e4e2506f5a173e87d804ca installed
glib-config-2.64.6-120.x86_64 1601656457 41 6398448385eaf719bcbc97f967dbea04 installed
ccache-bin-3.7.12-46.x86_64 1601565519 162008 70d9891c9ecff46a4d8147517e21d1de installed
git-locales-2.28.0-167.x86_64 1595874223 8043125 46152615649025c8b648a92b4ac1d212 installed
ccache-3.7.12-46.x86_64 1601565519 0 4439c11e9375c6caa1002a386af98bb1 installed
gettext-locales-0.21-34.x86_64 1596476283 3683897 c36f9501600ef4a2779865376cb4707b installed
libgudev-data-234-17.x86_64 1600983930 106650 747297c55f1f0009502c049505a86130 installed
gdbm-license-1.18.1-32.x86_64 1589811809 35072 52c53912e92e6164a216e36dc53f33af installed
polkit-data-0.118-22.x86_64 1601936606 322747 ebbe67d1153a0642d514e9be42d21a1b installed
gawk-man-5.1.0-56.x86_64 1586906216 95016 310462c1d2d4a9524a6960376b32b546 installed
libqmi-data-1.26.6-21.x86_64 1602171291 8102324 eafcc43794aca5de687633ce10a231ff installed
gawk-info-5.1.0-56.x86_64 1586906216 1948329 6f5e82196cf0455e7d5fa0c89de36ad3 installed
libmbim-data-1.24.4-16.x86_64 1601567084 937338 26c115fd8cb0cdd8f1ae451e8597c2b9 installed
findutils-locales-4.7.0-25.x86_64 0 1124821 11594b1620d281a746c28694202a323b installed
gobject-introspection-data-1.66.1-38.x86_64 1601833316 11731896 12f1f369d6333234a5c35698aa43985a installed
file-man-5.39-53.x86_64 1592441142 45962 546af967ecd30c5174ce09fa7081f8d6 installed
zipp-python3-3.3.0-18.x86_64 1602528812 20384 c402f3e20c28e803a8a466961a0ef464 installed
elfutils-man-0.181-72.x86_64 1601401479 21280 85d709b3e787ff590020f01fe79bff8a installed
vala-license-0.50.1-44.x86_64 1601314852 26436 5b7c73e929b20497e49ad25b07bc6650 installed
diffutils-man-3.7-26.x86_64 0 14328 adb039570eab6f8a3918f308b096fb91 installed
source-highlight-license-3.1.9-38.x86_64 1592607617 35146 f9d831943c21a6473d22e65b9bd71d0b installed
diffutils-info-3.7-26.x86_64 0 220416 a06b05dd6642587fb43b9af2843e4cc0 installed
pyparsing-python3-2.4.7-78.x86_64 1600966221 521986 f6133243d60baf569a32615000e1d7f5 installed
dbus-config-1.12.20-76.x86_64 1594251703 365 f43873f6a2ad222d10a141a3c67dd4a5 installed
cracklib-license-2.9.7-44.x86_64 0 40155 0338c96704a65c6d0bb9754822b523cc installed
cpio-man-2.13-31.x86_64 1589809691 12421 c311769c8fd8bd4341f6fbda6a1c4453 installed
cpio-info-2.13-31.x86_64 1589809691 32927 9eed1c57ee76bf7e2c06f858936bfb57 installed
coreutils-locales-8.32-53.x86_64 1583792451 10080585 c7313fc0532ec725a3f2312af75face4 installed
clrtrust-man-0.1.3-24.x86_64 1586195913 6019 735b8066cf208c5f3e272688d618561d installed
nss-altfiles-lib-2.23.0-24.x86_64 0 42888 402a87f284139deeb4333b068a143f83 installed
zlib-lib-1.2.11.1.jtkv6.3-60.x86_64 1590107792 324416 6525bdcb26ce909f9edbb531f4db4587 installed
xz-lib-5.2.5-56.x86_64 1591736975 352352 a2c743d29c424b1f387256e364b6d967 installed
util-linux-lib-2.36-155.x86_64 1600969944 835864 6d044175fa9729da27874090575047eb installed
zstd-lib-1.4.5-60.x86_64 1590527558 1679488 c08c9219d89364c57489d8dc312bf911 installed
libcap-lib-2.27-36.x86_64 0 41040 c8d37eacb414a5535531840769a78aa4 installed
popt-lib-1.16-20.x86_64 1585326421 51792 4c7b90941e6a65c63e5f323903fb9ecc installed
gawk-libexec-5.1.0-56.x86_64 1586906216 28912 445e2a41cd37e388e0513238ea1d3d0f installed
ncurses-lib-narrow-6.1_20191012-59.x86_64 1586198816 443488 00d7eab8f3a7223378536ddca1502f46 installed
mpfr-lib-4.1.0-31.x86_64 1597767452 2216736 40a8b18baf3389ed7b3181e5278b5802 installed
coreutils-libexec-8.32-53.x86_64 1583792451 14312 259de2d4cf9e4c2f0d25c6e1cb76b947 installed
gdbm-lib-1.18.1-32.x86_64 1589811809 67664 f1085989b84374129ad3d0afade71833 installed
lmdb-lib-0.9.24-17.x86_64 0 101152 ba510d8d442c31cf773b646fc7a51281 installed
ncurses-lib-6.1_20191012-59.x86_64 1586198816 492720 f7a28b78048de0c175f155bf4ee2edd7 installed
gawk-bin-5.1.0-56.x86_64 1586906216 762320 f544976fc89973cdf4ba7f23980a7b98 installed
glib-libexec-2.64.6-120.x86_64 1601656457 55440 9702160a9112d65fdf630f3f79032a83 installed
pkg-config-bin-0.29.2-22.x86_64 1600984777 55592 6490c09d57ade87ae2a6233e3cbfc007 installed
pkg-config-0.29.2-22.x86_64 1600984777 0 c219d1fbed5f52ef592cd4cdbbd18ac2 installed
mpc-lib-1.2.0-28.x86_64 1597768679 345800 ac44bd8988cfd3483c3a3c8ebc860341 installed
libcap-bin-2.27-36.x86_64 0 69728 0685db8fc7ee8a80ad27711b96de82f8 installed
gmp-lib-hsw-6.1.2-42.x86_64 1586199278 529112 09c0bebcd7038d31f5516e8beb160e57 installed
perl-Math-BigInt-GMP-perl-1.6007-23.x86_64 1591219994 51291 1fa1e9a16e5101caef1d331e488bea64 installed
perl-perl-5.30.3-77.x86_64 1591378455 51940854 2ce6ca731915f7743b7f1b4f5baf6005 installed
zip-3.0-24.x86_64 0 0 990e1d27fe54d31189cbfcc049221c91 installed
pigz-bin-2.4-38.x86_64 0 104760 b2d61e3688ac9a3c9d02e5418c5e6d6f installed
clr-python-timestamp-bin-17-36.x86_64 1585184119 14472 c6675c0fd1a309e3bf42d616f3b7e2f0 installed
cracklib-lib-2.9.7-44.x86_64 0 43048 e759b1c250062b4e00ed47cbde2ca1e6 installed
Linux-PAM-bin-1.3.1-54.x86_64 1575399513 96552 3f80a5b860e6bb994b4bbfbe50c035c4 installed
findutils-bin-4.7.0-25.x86_64 0 406848 a025e5e30b4a1e3b02c8c85488047705 installed
iptables-extras-1.8.5-39.x86_64 1594918383 66752 ccf09d5efe315d99958d0fb699ff3e8d installed
libgpg-error-lib-1.39-50.x86_64 1598571471 116896 0c71a7bf2b1bfd79f0c9bbcd3bd028e7 installed
libseccomp-lib-2.5.0-23.x86_64 1595341755 137320 fdfef3737e4ad0f03f8688f1a1db52cc installed
plzip-bin-1.8-3.x86_64 0 84992 7084269c3c4c0f24d2dde0ecea3a13fc installed
make-bin-4.3-40.x86_64 1579894343 296504 99718ce801fdd917dab5a306a657df05 installed
nss-lib-3.57-49.x86_64 1600634256 3254745 650c18b376ef93046dd851fddbfa44a2 installed
which-bin-2.21-15.x86_64 0 27200 def84a289b3226659f5b6b1a5d10d31d installed
bzip2-man-1.0.8-56.x86_64 1576795477 22842 fc4d10f3d22e205224e0241923ee8cea installed
bash-license-5.0-52.x86_64 1596837863 35514 bd9443207dc28d661ca48da76eb6dd61 installed
gettext-data-0.21-34.x86_64 1596476283 1070123 abe22d4846ab6ef9020003cf2c2874a2 installed
gettext-lib-0.21-34.x86_64 1596476283 731416 32a03d7cb0c2900a5349ce4fde1738bf installed
zlib-1.2.11.1.jtkv6.3-60.x86_64 1590107792 0 a90f68ee6dc816b19af67c305c3d7344 installed
zipp-license-3.3.0-18.x86_64 1602528812 1050 1fcea47103676abe1812dcfc7f78897a installed
wrapt-license-1.11.2-49.x86_64 1602134173 1304 5d89634cb2ac0f4186e359d51fa99ac1 installed
wayland-license-1.18.0-25.x86_64 1588193677 1340 7e0f1b8fad6907f5c24832055bd86203 installed
wayland-lib-1.18.0-25.x86_64 1588193677 218592 95aee58999f8a574e437d5c8098302c9 installed
util-linux-man-2.36-155.x86_64 1600969944 676666 b12152ff50ae09d4d5754a883f651b7a installed
util-linux-autostart-2.36-155.x86_64 1600969944 0 26f969469a49befcbbee92fd5326e5e5 installed
typed_ast-1.4.1-32.x86_64 1600969610 0 d08537b750146a47d3a30e0f9841519a installed
systemd-locales-246.4-282.x86_64 1599241446 619329 8283676a3cb4972251d09fb705ba60de installed
source-highlight-man-3.1.9-38.x86_64 1592607617 9936 4487efed144ffe21d341764839c42aca installed
six-license-1.15.0-66.x86_64 1600968132 1066 1500e0dd969cebadb3853de17e066735 installed
setuptools-python-50.3.0-184.x86_64 1600968058 0 ba8abbfc7d9865ea8603d90a22a39fd2 installed
pyparsing-2.4.7-78.x86_64 1600966221 0 9146510a4fb65178b9842eb0239cc439 installed
py-1.9.0-74.x86_64 1600965766 0 efbeb17f200588b34f22f8074aa493f6 installed
pluggy-license-0.13.1-63.x86_64 1602133715 1110 4e6748fda72c261623432aebcc8b560f installed
pixman-lib-0.38.4-37.x86_64 1589931736 3574240 2461de9cc60debffba27efa5fb3cd625 installed
pcre-8.44-57.x86_64 1595353634 0 c4b29618616e27ec18ef3c87097c4b8c installed
pathlib2-license-2.3.5-15.x86_64 1600965426 1152 ed01812018781aad13d3e10478211db7 installed
packaging-license-20.4-43.x86_64 1600965338 11518 8989e46d33f1eb11d422812ace715f88 installed
nettle-license-3.6-44.x86_64 1588305409 60881 413fef92f595f6c89f6346fd0a3e8243 installed
mozjs78-lib-78.3.0-6.x86_64 1601313676 1073630768 e4738d26110d8fef49a9010a09fb8686 installed
mobile-broadband-provider-info-data-20190618-4.x86_64 0 496227 d1c4cdf5f4522b6c5981c39c2fcaa6de installed
mesa-data-20.1+3492.400c2ff226-251.x86_64 1595972218 34853 5277fc7f06e92807aaa2e3b9d7de743b installed
mccabe-0.6.1-53.x86_64 1600964268 0 4b1a041685b49e1acf3e5d85048cefde installed
libxslt-1.1.34-49.x86_64 0 397 2d95306053772612beca591112e27ac4 installed
libwebp-lib-1.1.0-30.x86_64 1578415544 1560656 e1110200a7587df142517fa87bc08bf2 installed
libqmi-1.26.6-21.x86_64 1602171291 0 e9b5ff34fd9c72d5266e972f0c0882b6 installed
libpwquality-lib-1.4.4-37.x86_64 1602720079 45168 d3cfbe4de4ff4d1e3c2474a2564ba013 installed
libpng-lib-1.6.37-60.x86_64 0 638896 62417c62303b451bebb5721b11381e00 installed
libpciaccess-lib-0.16-22.x86_64 0 42968 b3c1abbaa0364d9f950c7e1fc2d5da1e installed
libmbim-1.24.4-16.x86_64 1601567084 0 3372bf6de05905e2594b9d28b05eab23 installed
libidn2-lib-2.3.0-8.x86_64 1586199257 317584 724d0e53ea1fa3f86428eafe373b8764 installed
libffi-3.2.1-34.x86_64 1580246697 0 6c317dc3f7eac264f1986c55751e429e installed
libdrm-data-2.4.102-69.x86_64 1590582209 7547 f6bcaf8a1012f0d58fe3a6b786a489cd installed
libcap-ng-license-0.7.10-31.x86_64 0 44534 0b0e39297e488a49a2d7e2a7115b4100 installed
util-linux-bin-2.36-155.x86_64 1600969944 3392264 b8f4981e8f0fe86e1f091ffddda3fa5e installed
util-linux-dev-2.36-155.x86_64 1600969944 135067 d1a38484a9899dd1bf127c77c87f32b9 installed
libXvMC-lib-1.0.11-18.x86_64 0 40912 1f0f9b6de8051d8c00a6051e4ca0f5ec installed
libXv-lib-1.0.11-16.x86_64 0 26696 c0120b2b913789e1850f9420181bd0e5 installed
importlib_metadata-license-2.0.0-32.x86_64 1600963481 571 550f0aa7993d516b76330dff9ca2d0bd installed
icu4c-data-67.1-24.x86_64 1598915657 30213 9ffc3d8a8bd928357c09d5381a300681 installed
compat-boost-soname1.73.0-1.73.0-1.x86_64 1601929644 12729600 2e6c8f1b6da156d69d915cd7792fb268 installed
source-highlight-bin-3.1.9-38.x86_64 1592607617 182882 cda65b54535f119dde48d896fb739fc2 installed
harfbuzz-license-2.6.7-104.x86_64 1600983549 8418 9ff5e1a6bea8c4a65c5abdb08212e1cd installed
graphviz-license-2.44.1-40.x86_64 1600983273 61521 bbb6e39b0d72640a32dd1e0acbeca618 installed
graphite-data-1.3.13-7.x86_64 0 4009 bd5b8e26dc144df5cff337e4bf390632 installed
gobject-introspection-man-1.66.1-38.x86_64 1601833316 10235 87350ed0903ec233f350a467ea48a24c installed
gnutls-lib-3.6.15-67.x86_64 1599243704 1996320 94cddab1a2a0f9311904d5ac98d2058d installed
gobject-introspection-1.66.1-38.x86_64 1601833316 0 00add6c256ede026d4c05ea3071aa065 installed
glib-autostart-2.64.6-120.x86_64 1601656457 0 0d7af672acbee407bca50477439046c3 installed
glib-dev-2.64.6-120.x86_64 1601656457 2189055 25359658d6d13458f476cc8b87443fc8 installed
freetype-license-2.10.2-60.x86_64 1600368589 19737 a481dceb1fbb9c154032ba7ac9344fe7 installed
freetype-lib-2.10.2-60.x86_64 1600368589 900376 91727e9cbab2732f1f3e3dc8095fda5e installed
fontconfig-data-2.13.1-43.x86_64 1600368935 90531 3874b1eae9eed2528ad5f6fe350d36aa installed
filelock-license-3.0.12-14.x86_64 1602133486 1210 0c5039b53d5647feffe2a3cbd3a80fdb installed
distlib-license-0.3.1-14.x86_64 1600962439 15481 c8da4938c64f117b6effff1d92d85960 installed
contextlib2-license-0.5.5-58.x86_64 1600962146 6054 1a6ecabf221006a41e1eefd63d668a1c installed
importlib_metadata-2.0.0-32.x86_64 1600963481 0 88b6ea14a5722bf3ed0b77716968424d installed
colorama-license-0.4.3-65.x86_64 1600962057 1491 a54ee2f73d8f92072c097a8bb8a83480 installed
certifi-license-2020.6.20-66.x86_64 1600471100 1048 c99a2967da9e9be245c2607f313babad installed
setuptools-50.3.0-184.x86_64 1600968058 0 57b9a9545f1500ee8cd6e9ac6da28d76 installed
audit-license-2.8.5-45.x86_64 1601672550 44534 43e290578031ca312d9ee58b06f01897 installed
systemd-bin-246.4-282.x86_64 1599241446 4570904 fdd28974f68d8f999bf79badb80eddd0 installed
systemd-dev-246.4-282.x86_64 1599241446 958533 06a9eb576319a02f1048d155b44427e1 installed
appdirs-license-1.4.4-50.x86_64 1600961073 1097 7337ac011c35b82adbec8f57a07b9412 installed
glibc-locale-2.31-342.x86_64 1602692121 213922956 b597ba77ad7e1f072152e797aa226612 installed
virtualenv-20.0.34-115.x86_64 1602526199 0 99868cab07325de8609ba8b8e0b59b63 installed
astroid-2.4.2-98.x86_64 1600961140 0 92d22c2809bdca8549c18584b8b119a4 installed
tox-3.20.1-111.x86_64 1602526035 0 be90b40f96b3cbe2729b4e4db755c595 installed
gtk-doc-1.32-40.x86_64 1588205521 0 0913de75cf499dd2cec9660d2c80a254 installed
Z3-lib-4.8.9-23.x86_64 1599854315 20571344 dc970ec1f3c7800c94061f2ea5d34bfd installed
llvm-extras-libclang-cpp-10.0.1-123.x86_64 1595455047 41701160 47528e19c1934ee78261741f4910d53d installed
cairo-lib-1.16.0-70.x86_64 1600981675 2050192 6a38a4b6f7079d72c6a1fefc6581a8c1 installed
vala-lib-0.50.1-44.x86_64 1601314852 4683576 ee6b7a6c3fb78e180787df85899fa588 installed
vala-0.50.1-44.x86_64 1601314852 153872 f44fa13f647c4a0be02992dd0b9ab115 installed
gobject-introspection-dev-1.66.1-38.x86_64 1601833316 87032 554922a920af6f225d82e948ff03100d installed
libqmi-dev-1.26.6-21.x86_64 1602171291 3080385 2ca565f0bc6a60291bd2aa2cb439955e installed
mobile-broadband-provider-info-20190618-4.x86_64 0 0 7e38ecb70ecde77dc5778f2f5d21e517 installed
glibc-libc32-2.31-342.x86_64 1602692121 12991105 56c031f2b9d6359ebebeac12be6c92d9 installed
py-python3-1.9.0-74.x86_64 1600965766 552844 e1c93c2d2ce8946ca034ecc59c362e6e installed
gcc-libgcc32-10.2.0-992.x86_64 1602694808 8659648 7c4ee781ad5aa95d0553c29f59c3ce8a installed
polkit-lib-0.118-22.x86_64 1601936606 163968 7ae0d1d8114339bdaa70de9309a21c21 installed
pcre-lib32-8.44-57.x86_64 1595353634 1915720 84741d59c45a92df37b958985e4b037d installed
mccabe-python3-0.6.1-53.x86_64 1600964268 27849 3afc5a90630d475a4da40275019e46b5 installed
libcap-lib32-2.27-36.x86_64 0 21952 e8269d1646a33a354fb5b90459d8a35e installed
libgudev-license-234-17.x86_64 1600983930 26530 353d34b20e89ae34290dea251d745f12 installed
p11-kit-lib32-0.23.15-55.x86_64 0 2218608 28fd1d59013ddad91a9083274fae3344 installed
libmbim-lib-1.24.4-16.x86_64 1601567084 342168 47b60e1894f4af022ad9a9dcde841b1c installed
util-linux-lib32-2.36-155.x86_64 1600969944 791604 9feed0fe565459bd1032aa5ca99ff36f installed
libqmi-libexec-1.26.6-21.x86_64 1602171291 14728 1147d59fa1a373be88262de678f54d5c installed
glib-lib32-2.64.6-120.x86_64 1601656457 4407660 467af0da166c3e12d28610d9e7cadccd installed
lazy-object-proxy-python3-1.5.1-45.x86_64 1600963968 94923 5ba727e2450bbb1f969aadd5bd64f9cc installed
glib-dev32-2.64.6-120.x86_64 1601656457 2658 7446bc3ef97a26b702a21f6914a2e709 installed
isort-python3-5.6.4-81.x86_64 1602699619 581581 b5b2d676666d0ca6f5f3452ac9d667a2 installed
glibc-dev32-2.31-342.x86_64 1602692121 23489646 249abc312937b10e22f4c3e6bb2985e1 installed
gobject-introspection-license-1.66.1-38.x86_64 1601833316 43836 ea87ce1dbca2bab7767fb6e6ecf91100 installed
systemd-dev32-246.4-282.x86_64 1599241446 1102 7af443d69b0162b659eea589dde72fb0 installed
distlib-python3-0.3.1-14.x86_64 1600962439 1309227 15e2a877ae5bf82085d3af840844935f installed
libgudev-dev32-234-17.x86_64 1600983930 239 6b4feedcb3617bf77672d4713c78fe81 installed
virtualenv-python3-20.0.34-115.x86_64 1602526199 5421789 ba92f6c865f5a4a2f5f06bef3f542757 installed
gobject-introspection-bin-1.66.1-38.x86_64 1601833316 232153 06cc306e4aa979505aa83a065619a212 installed
libqmi-bin-1.26.6-21.x86_64 1602171291 603007 b6fac6664431071ad504dbd00089d152 installed
libxslt-lib-1.1.34-49.x86_64 0 372792 f68809d9f1e83badddbe43bcb8dfdb2f installed
virtualenv-license-20.0.34-115.x86_64 1602526199 1074 26d358b230c50b30c88f0ddd4b7b7753 installed
util-linux-services-2.36-155.x86_64 1600969944 1350 3279eddaacda9abaf4bd6ebd9e5a7d10 installed
tox-license-3.20.1-111.x86_64 1602526035 1024 ba3d4d12a67bcc5f08683c5ecdc9e89c installed
systemd-services-246.4-282.x86_64 1599241446 122325 b997f2650a441cd1ba998d74cc43a4eb installed
pylint-license-2.5.3-84.x86_64 1600966130 17989 b941f7b4086072345572d8dc4c5c43b0 installed
pyflakes-license-2.2.0-69.x86_64 1600966037 1093 0ba2a0bee3fa25c59aba43a32b815a7b installed
polkit-bin-0.118-22.x86_64 1601936606 105240 9463927fb07505562b60c35fde19351c installed
pip-license-20.2.3-100.x86_64 1600965574 101770 b20d56f93ae9a26e3a5582fc92305715 installed
pcre-bin-8.44-57.x86_64 1595353634 346896 41d6096f896367c16a435f482330c0ed installed
isort-license-5.6.4-81.x86_64 1602699619 2341 b13bb6ebc8254380d66453b7ef17b7cd installed
gtk-doc-bin-1.32-40.x86_64 1588205521 40427 ec5d7b8ec614a714c7203e3850bc9baf installed
glib-bin-2.64.6-120.x86_64 1601656457 423804 c3b8a521e259155bc49c7e977b7cf9ee installed
colorama-python3-0.4.3-65.x86_64 1600962057 66439 d860354256a316b0cc2542f3cbbcb248 installed
Pygments-python3-2.7.1-62.x86_64 1600966073 5783711 f960df128c3c1b22e77fb393a208e565 installed
Pygments-bin-2.7.1-62.x86_64 1600966073 967 a4b79284b9372a575734b050c15600b1 installed
certifi-python-2020.6.20-66.x86_64 1600471100 0 74b45528f90945e57ed626464083d8a9 installed
contextlib2-python-0.5.5-58.x86_64 1600962146 0 8ca2abe7e7a85c9b77d20158e56894ae installed
pathlib2-python-2.3.5-15.x86_64 1600965426 0 7e7d66f29938ee3a64e7bda98ae00be5 installed
pip-python-20.2.3-100.x86_64 1600965574 0 80cc85b696ba8c7ae7d3baa6815d20bc installed
pyflakes-bin-2.2.0-69.x86_64 1600966037 963 c370cfc8d788077d7a2e3aa34daa31a9 installed
pyflakes-2.2.0-69.x86_64 1600966037 0 702ce5a90b4abc3977a885dca3ec2e08 installed
tcl-lib-8.6.10-50.x86_64 1575404439 8037640 57176216521d607c2e5c6211ff9d6f71 installed
graphviz-data-2.44.1-40.x86_64 1600983273 6033997 af7825fa4756f9122498623d02bc8202 installed
typed_ast-python-1.4.1-32.x86_64 1600969610 0 26cd7f461c0c7ed50bc3b9d583b4a547 installed
importlib_metadata-python-2.0.0-32.x86_64 1600963481 0 9134a2fc66d0406ef99f602c54768f9b installed
pylint-python-2.5.3-84.x86_64 1600966130 0 9ae7e336ded7003786add45b12c8918b installed
virtualenv-python-20.0.34-115.x86_64 1602526199 0 f9820184e272252f9a438a34e53d7bb8 installed
distlib-python-0.3.1-14.x86_64 1600962439 0 161c0d28132323601bbe746c4df52f5a installed
isort-5.6.4-81.x86_64 1602699619 0 ced253c7c63827dde799a9da2aeb8d2d installed
lazy-object-proxy-python-1.5.1-45.x86_64 1600963968 0 d60eca849459b063413d8fd63ff3adf7 installed
mccabe-python-0.6.1-53.x86_64 1600964268 0 1f1157bb2b9a6b931b649f70dc59dbb1 installed
py-python-1.9.0-74.x86_64 1600965766 0 268de769fe872d6a99406e4f886d3d9f installed
pyparsing-python-2.4.7-78.x86_64 1600966221 0 a52f23e3ab7b661f9dc3f4b0a643d90c installed
zipp-python-3.3.0-18.x86_64 1602528812 0 994c0c5108d37365bb79fdce9f6338a8 installed
toml-python-0.10.1-11.x86_64 1600969290 0 cef11cae82019fc5b086c40e2ebd4ac9 installed
six-python-1.15.0-66.x86_64 1600968132 0 6959080d987223171d1917ec15dc2ca8 installed
perl-XML-Parser-2.46-40.x86_64 1591214219 0 690efb14e320c2d941854e12c0ff1d42 installed
automake-bin-1.16.2-25.x86_64 1585086521 294359 ffbb575ed3676b0b84e1c40efd0fa6fe installed
gawk-license-5.1.0-56.x86_64 1586906216 60438 b40c363961266a15efc263e676743a84 installed
zipp-3.3.0-18.x86_64 1602528812 0 45a68edf3b656ff3d7e44a93e5f96d5f installed
xz-bin-5.2.5-56.x86_64 1591736975 140200 37a29b67a43b3cdd8c59ebcc47aa4fc9 installed
p11-kit-data-0.23.15-55.x86_64 0 902 8024d1035ef993429231a349a12ebc53 installed
wayland-data-1.18.0-25.x86_64 1588193677 133024 ab58661579af1375eadeaa76bcb7de7e installed
clr-avx-tools-bin-8-10.x86_64 1592851553 3246 6726d55cd5d66503afebd90602f88420 installed
gettext-license-0.21-34.x86_64 1596476283 63623 3929c9d65785cb73f075eb18b52cd7f4 installed
util-linux-locales-2.36-155.x86_64 1600969944 7725864 662cce9626cebafa9698447c2d5a03fd installed
gzip-bin-1.10-29.x86_64 0 36596 da4e3ad04d4773aeb692b9c30e7ab495 installed
elfutils-license-0.181-72.x86_64 1601401479 84066 d00d6c9232dd501795a9fdf231b4f96c installed
systemd-man-246.4-282.x86_64 1599241446 2913241 200795cca1908aabdf53f9c0840295b4 installed
automake-man-1.16.2-25.x86_64 1585086521 6077 6e6cf5983962fe8bc7e71427be20605f installed
source-highlight-info-3.1.9-38.x86_64 1592607617 287551 17cbd4064edd1a5262f62e2072f8369b installed
autoconf-info-2.69-24.x86_64 1592455842 1142045 ef399c23533b73df5e8c09c3624aed24 installed
which-license-2.21-15.x86_64 0 35147 c22f4c50b686fbfa59fc33ef5433b87d installed
pyparsing-license-2.4.7-78.x86_64 1600966221 1023 726f6939f341ea4c22f020bb65204340 installed
acl-license-2.2.53-35.x86_64 0 45073 8414b510810513ac4e9a9366247cb5ba installed
shadow-data-4.6-61.x86_64 0 2443 ec8a6d80761932ba1420eb47845881e3 installed
polkit-locales-0.118-22.x86_64 1601936606 82582 fec37bf2b03e60bbbb2ad2fe5e4472be installed
gettext-0.21-34.x86_64 1596476283 81300 1c15f653a9c605db0d85ad2cb1b0bd96 installed
pigz-license-2.4-38.x86_64 0 11341 141b6a4a5f02bae961a04a53e6d13c5d installed
pcre-man-8.44-57.x86_64 1595353634 87448 fb759bfb405065c413276439e890758a installed
nghttp2-lib-1.41.0-55.x86_64 1594756481 133192 04a546175db680ad3942fa579f693ebb installed
nss-altfiles-license-2.23.0-24.x86_64 0 26437 8fcb7085508840d79331646383626199 installed
pathlib2-2.3.5-15.x86_64 1600965426 0 08f5e7743ac1e23fff3a7925b443e4c1 installed
LVM2-lib-2.02.186-92.x86_64 1600964276 2789896 bf5689f99a37c2932dd7aef931fb8199 installed
hostname-license-3.23-19.x86_64 0 1977 4952569ff7d47867dea997a37ad91858 installed
nettle-lib-3.6-44.x86_64 1588305409 643344 9de2f3e469ab2ae1fd133d1a3d575c79 installed
clrtrust-0.1.3-24.x86_64 1586195913 0 1607d0003b106cb273f7ebaeca165b38 installed
findutils-license-4.7.0-25.x86_64 0 35149 09bbdb7d4063802bcb8d4bca78d4baec installed
mesa-license-20.1+3492.400c2ff226-251.x86_64 1595972218 7603 b94d95eac6d3c530e06a18dc26d1f1c8 installed
p11-kit-bin-0.23.15-55.x86_64 0 234466 dc9966e51c1f2ad9281a68f78eaeb33e installed
curl-license-7.71.1-105.x86_64 1595868388 1088 dd02851f7f9d5ca9191d1a1ed97c714b installed
libxslt-man-1.1.34-49.x86_64 0 10192 de1eacdb41c9c26e567bab87fa70c442 installed
LVM2-extras-lib-2.02.186-92.x86_64 1600964276 356128 5b557f4afcd7c8658f3034174348b42b installed
clr-avx-tools-data-8-10.x86_64 1592851553 12212 447d1c1be460b3a201011f443a52fc17 installed
libqmi-man-1.26.6-21.x86_64 1602171291 24757 d6a7a33e3b4d0edd23272832ecec32ad installed
python3-core-3.8.6-218.x86_64 1600968894 45889134 5927e1cd13f73ede5a5e6ddb03d58362 installed
Linux-PAM-license-1.3.1-54.x86_64 1575399513 4103 e51d6da4288b2353b1c1a6b85b024998 installed
libpng-license-1.6.37-60.x86_64 0 26979 b228734cea433fb6f64ed43a29dc60b7 installed
dbus-lib-1.12.20-76.x86_64 1594251703 354608 162369764fef086c52884fd72dd4507c installed
zip-man-3.0-24.x86_64 0 90367 3df7df35860b193174cd6f0d62cff6f1 installed
libmbim-man-1.24.4-16.x86_64 1601567084 7983 78065d755ef1464486bbff82f1ac3af0 installed
git-bin-2.28.0-167.x86_64 1595874223 9963216 15091e59593b5048b0272c3dc783c6e4 installed
which-info-2.21-15.x86_64 0 7546 64fdf6fd4950ed7ac57c21a22deb6a2d installed
libffi-info-3.2.1-34.x86_64 1580246697 26833 e4b585a15d65cf876551220a8657d8f5 installed
libarchive-lib-3.4.3-59.x86_64 1590530480 1855648 9cddc57d4e4b8a128e287f54caf5b550 installed
util-linux-license-2.36-155.x86_64 1600969944 84399 22d2b7166a54a7673c89512db536d648 installed
libdrm-lib-2.4.102-69.x86_64 1590582209 443904 751007936c04833c71c435ae782cf5e6 installed
rpm-4.14.2.1-137.x86_64 1600967805 540769 1920018c53abcbfb8feab86ab86f2adf installed
tar-locales-1.32-31.x86_64 0 2183450 d2f8ff64f8757addfff41a57289c440d installed
util-linux-2.36-155.x86_64 1600969944 0 f2f0965cfe1c685d5f156bf103c9fb52 installed
shadow-4.6-61.x86_64 0 0 31b1d774aa75343c08a69d96bbff5e3b installed
shadow-man-4.6-61.x86_64 0 1951422 14bacebb93874021c89b8040f17d3250 installed
libXv-license-1.0.11-16.x86_64 0 2240 99bbf18de6a98ff884f36f1e94da13c3 installed
autoconf-2.69-24.x86_64 1592455842 0 dac1439b0d60abd886dccc1b9eaae0bc installed
sed-locales-4.8-29.x86_64 1579114583 508642 00df7861d1c37f69d03cc29803fa652e installed
icu4c-license-67.1-24.x86_64 1598915657 21623 fc2888ee52f3b5f36eb949c513a42483 installed
grep-3.5-41.x86_64 1601313224 0 772ad93f72ce5176586d5621a0b8b579 installed
source-highlight-lib-3.1.9-38.x86_64 1592607617 850192 bfda626dfb9fc39bcb3c8dcaa0ce88e8 installed
xz-5.2.5-56.x86_64 1591736975 0 81c95c25dfa1eeb152b0d527b6bec915 installed
pkg-config-man-0.29.2-22.x86_64 1600984777 23611 d77d96f4cefe1f9e4abdcdeb8b66eb06 installed
harfbuzz-data-2.6.7-104.x86_64 1600983549 800160 98bd6a6fa68fcff55b7faab65c764834 installed
which-2.21-15.x86_64 0 0 4f1943425fc538f168c17b19d0381b26 installed
graphite-lib-1.3.13-7.x86_64 0 145448 4de7f8fcc014888a9843fec847180239 installed
hostname-3.23-19.x86_64 0 0 8274e1f39718c2a361376b71a619f067 installed
patch-man-2.7.6-42.x86_64 0 34708 a818acbffc5b986fd691c6bc21434b6e installed
glibc-bin-2.31-342.x86_64 1602692121 809148 c1b5330bd0e66fa92b98b343776dcc83 installed
pigz-2.4-38.x86_64 0 0 86a0a1fb1fc7d04c4239673f9bc5cf0f installed
netbase-data-5.6-19.x86_64 0 21708 ae5f218d0ce6b056df9aa77dcf3d62f1 installed
glib-2.64.6-120.x86_64 1601656457 0 99324636b8dce5208fb1a1a748cf9297 installed
pkg-config-dev-0.29.2-22.x86_64 1600984777 10247 431d4210786f0f16552dc416a4af593f installed
make-locales-4.3-40.x86_64 1579894343 1167559 587ada98c9c9c11e94d49375903bd284 installed
harfbuzz-lib-2.6.7-104.x86_64 1600983549 3719312 fea84b02ef7afee00745cd9038c9cee4 installed
netbase-5.6-19.x86_64 0 0 02b48020b43b8f698e2726c48ed6e586 installed
lzlib-license-1.11-3.x86_64 0 18850 415c72f9c0308d00702cd34e535e30d8 installed
fontconfig-lib-2.13.1-43.x86_64 1600368935 378952 6d469db09058c07c4cf8b74c77995fc0 installed
libstdc++-10.2.0-992.x86_64 1602694808 2107992 f91b21877b7466f7b05c1dbf1de66113 installed
libunistring-license-0.9.10-19.x86_64 1586213471 42786 3a6bb2c5e6e4de0a14ea9b446fa822f2 installed
distlib-0.3.1-14.x86_64 1600962439 0 07d143dc352f2dfd9afe20544603972f installed
gcc-libubsan-10.2.0-992.x86_64 1602694808 19190596 907e5bbc9e40b2eb85c8ee0c5dd72adb installed
libseccomp-license-2.5.0-23.x86_64 1595341755 24428 6b1b6947f84d7220cb6d64086450b41f installed
pluggy-0.13.1-63.x86_64 1602133715 0 ddf7464d9857b2c5f0b7dd01fc543fa3 installed
readline-data-8.0-57.x86_64 1602023013 1333 9d754e4dc6cb05c4d036d7dd8a40db43 installed
libffi-license-3.2.1-34.x86_64 1580246697 1132 11b14b3eef7e862ec9ccb0862e36f904 installed
certifi-2020.6.20-66.x86_64 1600471100 0 7e6a5d7031d3d6625a478e4cdaaf1fe1 installed
gcc-doc-10.2.0-992.x86_64 1602694808 10513650 3ce42874d109c4676913bf6966df425d installed
libaio-lib-0.3.112-20.x86_64 1585325998 13728 124865ab0fc786ba4bc5f1f244bdffcd installed
audit-lib-2.8.5-45.x86_64 1601672550 262264 605f88736013e074d7ff9ba98ff17041 installed
binutils-2.35.1-388.x86_64 1602169709 1095416 591a6c0012f3493dce80ee4982737f65 installed
hostname-man-3.23-19.x86_64 0 7373 f54125e927e2ab964f7b73eaa35990c1 installed
astroid-license-2.4.2-98.x86_64 1600961140 44514 5b1b1f09083564ecffd05e1d0d3fcb6f installed
gcc-dev-10.2.0-992.x86_64 1602694808 34810132 ab2993edcd0db9804df71326ea908f30 installed
grep-locales-3.5-41.x86_64 1601313224 549151 5ffa51948f386d497975b02c92f85410 installed
lazy-object-proxy-1.5.1-45.x86_64 1600963968 0 934290ae436bc4feef80047e237942a3 installed
ccache-data-3.7.12-46.x86_64 1601565519 253 31d627ad7333b063d73a89e9bcf642fb installed
git-man-2.28.0-167.x86_64 1595874223 2876656 dc17f5810a546ce034b1ed5d90d63014 installed
Pygments-2.7.1-62.x86_64 1600966073 0 a03f6a3376e23feaf9dee41ca4c84902 installed
six-python3-1.15.0-66.x86_64 1600968132 63330 c28505bfb9d7ab80c69183c2c6bb56f7 installed
gettext-info-0.21-34.x86_64 1596476283 1110888 11f1ab7cace214585894a4eb4a216d50 installed
llvm-extras-libllvm-10.0.1-123.x86_64 1595455047 73927992 8a32bf8bf11c9350c09a88672296cbce installed
libqmi-license-1.26.6-21.x86_64 1602171291 44622 74acc1079d78ddc04d0dd00c2d493ebe installed
gawk-locales-5.1.0-56.x86_64 1586906216 1205149 310d8f72a8137d19a319d08f981d50e8 installed
graphviz-lib-2.44.1-40.x86_64 1600983273 5262576 e7f32ce4105d869e75841172650bbdcb installed
libX11-lib-1.6.12-422.x86_64 1600378983 6866952 b86078a6888c2e4d4bb123aec2d97789 installed
findutils-info-4.7.0-25.x86_64 0 392043 b87bfc9d2b51b4cd14661dec0c353002 installed
gtk-doc-dev-1.32-40.x86_64 1588205521 4660 c93abf662d3536b620d1d60ef57cb9db installed
wrapt-python3-1.11.2-49.x86_64 1602134173 160164 a65c1c566acfdcc798e97183af33130a installed
elfutils-locales-0.181-72.x86_64 1601401479 823402 145aea93bbe1d20f83be7f60d06cea34 installed
polkit-dev-0.118-22.x86_64 1601936606 91995 4e926ce44c87cafa76259a8dd530ce85 installed
source-highlight-data-3.1.9-38.x86_64 1592607617 198064 893ea381abc770013203b7f5c3670a55 installed
dbus-data-1.12.20-76.x86_64 1594251703 12506 f681b7097f0a323edda4eaaa16462e1b installed
gcc-libstdc++32-10.2.0-992.x86_64 1602694808 2107144 2e56f698335d75f8d3e2e5297144ce87 installed
polkit-license-0.118-22.x86_64 1601936606 63690 cec6b8a5a8759e5e19c288b534eef905 installed
cracklib-data-2.9.7-44.x86_64 0 259081 6fa2bdecfc91b8857deae29182378461 installed
Linux-PAM-lib32-1.3.1-54.x86_64 1575399513 767988 1a2d1b2199d4350d803df1bd54279afb installed
libxslt-license-1.1.34-49.x86_64 0 4063 1b1b05be48591ec432e3c3df2cb26881 installed
coreutils-man-8.32-53.x86_64 1583792451 274196 6fe37e440b68ce00bf2e611c4a13a195 installed
lz4-lib32-1.9.2-29.x86_64 0 87364 2f24299428cbb7fb67b0bdd75dea2417 installed
libmbim-libexec-1.24.4-16.x86_64 1601567084 18920 1e72daeb42a23c371f8fba6e9d3b49cf installed
clr-systemd-config-data-199-225.x86_64 1589584184 9690 dd82598fcc1904c66eee77bebd732af2 installed
zstd-lib32-1.4.5-60.x86_64 1590527558 800148 0f8b8e02e5a97fafc6eb2307b3cf15c4 installed
astroid-python3-2.4.2-98.x86_64 1600961140 1347816 bf0607fba6213417ac402ad2c5131c8c installed
systemd-lib32-246.4-282.x86_64 1599241446 3105436 8a49faaaa60e96866dbbb4a1b23aa942 installed
gobject-introspection-lib-1.66.1-38.x86_64 1601833316 833289 2a439b8015893558fd33b75caa74247a installed
gmp-lib-6.1.2-42.x86_64 1586199278 517536 101b6ea0eabd2a7cfa93704a98e987d6 installed
tox-python3-3.20.1-111.x86_64 1602526035 454181 72442784086f7e91991a338559c0026a installed
file-lib-5.39-53.x86_64 1592441142 186736 018513b9a31633b99ec16e615a8a1668 installed
libmbim-bin-1.24.4-16.x86_64 1601567084 102631 79b5f2da7c65ad9812f3884708725e38 installed
expat-lib-2.2.9-42.x86_64 0 397232 e6111f74a2afc814248ab80ae21b8467 installed
util-linux-setuid-2.36-155.x86_64 1600969944 51400 47b82128d99c82b5ff6ad2d3a4e732d9 installed
pcre2-lib-10.35-26.x86_64 1595289872 1725712 f8f07e94cae692e4b3ac21d37e0c4091 installed
tcl-license-8.6.10-50.x86_64 1575404439 14828 e4e9ae03c4d52c3fbe1a0e1b174a275c installed
pyflakes-python3-2.2.0-69.x86_64 1600966037 606599 799707150cf81e0fa10ab4e35871ae86 installed
libtasn1-lib-4.13-35.x86_64 1586199269 80008 81ff0462f1e89790fbfa20a7602286f9 installed
pip-python3-20.2.3-100.x86_64 1600965574 7601355 9750af0b7c046aa1c785d43a6d59122c installed
pathlib2-python3-2.3.5-15.x86_64 1600965426 112750 217f7eac663efcd68a8332f3b86a59f8 installed
glib-lib-2.64.6-120.x86_64 1601656457 4506552 649bf33b1f8d0f02b0ff355e1bb311a1 installed
glib-services-2.64.6-120.x86_64 1601656457 673 473171b91b74a383ba48569ad045bb1f installed
certifi-python3-2020.6.20-66.x86_64 1600471100 8085 97a918bd3047cd1f0475682fb3341bca installed
file-bin-5.39-53.x86_64 1592441142 27184 5c2a0aad6b74f2f500e0498f87c75ffb installed
Pygments-python-2.7.1-62.x86_64 1600966073 0 08c51d2b399c62f450e8d234482d2e13 installed
perl-5.30.3-77.x86_64 1591378455 0 53cc902ad9af5f4c12692d34a50f4f0b installed
isort-bin-5.6.4-81.x86_64 1602699619 948 9d2a3798118dd529e7e1b6b93667286f installed
zip-bin-3.0-24.x86_64 0 542744 1ed219084a07de411d798ca8e1a0837b installed
pip-20.2.3-100.x86_64 1600965574 0 44ea1dff7dae13b90f08449c5cbefd7f installed
Linux-PAM-setuid-1.3.1-54.x86_64 1575399513 26672 e8345450313eed220259f83f571d6b97 installed
pylint-bin-2.5.3-84.x86_64 1600966130 3822 a1dc0f93cb4d0fe720aab3c64a58d484 installed
Linux-PAM-lib-1.3.1-54.x86_64 1575399513 841976 ac95ad926ae63f4f5a6bc028a83c30c7 installed
tox-bin-3.20.1-111.x86_64 1602526035 1904 b23814a35893a3895931a360b4cbd074 installed
findutils-4.7.0-25.x86_64 0 0 7c766fe95314f978cdfa06228fd95705 installed
libxslt-bin-1.1.34-49.x86_64 0 33288 552f410f1540f176082b1c955fb83de0 installed
json-c-lib-0.13.1-15.x86_64 1594781493 71912 5c4cd0ab5e311b77efafa18547c06293 installed
appdirs-python-1.4.4-50.x86_64 1600961073 0 409a332c1a369d4dba8f578b2ba20531 installed
lzlib-lib-1.11-3.x86_64 0 83984 ed432132621d966a8d4b161b2fc1c990 installed
astroid-python-2.4.2-98.x86_64 1600961140 0 e78b8c9e0de7a7bcbe137a73c852d288 installed
nspr-4.29-31.x86_64 1600362084 298752 8df118565d690c264bc449836b2c9a13 installed
pluggy-python-0.13.1-63.x86_64 1602133715 0 7b82916a50c6dc492e0f0c27b313b39e installed
clr-rpm-config-license-221-221.x86_64 1590107227 18092 98ecb0cfb2e70a2e257f7720d76a8299 installed
wrapt-python-1.11.2-49.x86_64 1602134173 0 bf39bdaf03dddf8406a54ec7573bb4c6 installed
toml-0.10.1-11.x86_64 1600969290 0 575674c09225b1086384007c81cde000 installed
libtool-data-2.4.6-28.x86_64 0 1248301 1497699980a203b8a4be2043d91ea414 installed
