INFO: mock.py version 1.4.21 starting (python version = 3.8.6)...
Start: init plugins
INFO: selinux disabled
Finish: init plugins
INFO: Signal handler active
Start: run
INFO: Start(results/ModemManager-1.12.8-32.src.rpm)  Config(clear)
Start: clean chroot
Finish: clean chroot
Start: chroot init
INFO: calling preinit hooks
INFO: enabled root cache
Start: unpacking root cache
Finish: unpacking root cache
INFO: enabled dnf cache
Start: cleaning dnf metadata
Finish: cleaning dnf metadata
INFO: enabled ccache
INFO: enabled HW Info plugin
Mock Version: 1.4.21
INFO: Mock Version: 1.4.21
Start: dnf update
Finish: dnf update
Finish: chroot init
Start: build phase for ModemManager-1.12.8-32.src.rpm
Start: build setup for ModemManager-1.12.8-32.src.rpm
Finish: build setup for ModemManager-1.12.8-32.src.rpm
Start: Outputting list of installed packages
Finish: Outputting list of installed packages
Start: rpmbuild ModemManager-1.12.8-32.src.rpm
Finish: rpmbuild ModemManager-1.12.8-32.src.rpm
Finish: build phase for ModemManager-1.12.8-32.src.rpm
ERROR: Exception(results/ModemManager-1.12.8-32.src.rpm) Config(clear) 4 minutes 35 seconds
INFO: Results and/or logs in: results/
ERROR: Command failed: 
 # /usr/bin/systemd-nspawn -q -M 03fd953379624402837dcc598bf75266 -D /var/lib/mock/clear-ModemManager/root -a --capability=cap_ipc_lock --console=pipe --bind=/tmp/mock-resolv.3o4dzwhz:/etc/resolv.conf --setenv=TERM=vt100 --setenv=SHELL=/bin/bash --setenv=HOME=/builddir --setenv=HOSTNAME=mock --setenv=PATH=/usr/bin:/bin:/usr/sbin:/sbin --setenv=PROMPT_COMMAND=printf "\033]0;<mock-chroot>\007" --setenv=PS1=<mock-chroot> \s-\v\$  --setenv=LANG=en_US.UTF-8 --setenv=CCACHE_DIR=/var/tmp/ccache --setenv=CCACHE_UMASK=002 -u mockbuild bash --login -c /usr/bin/rpmbuild -bb --target x86_64 --nodeps /builddir/build/SPECS/ModemManager.spec

